Determining if the pthread_create exist failed with the following output:
Change Dir: /home/delorean/Escritorio/GitHub/2015-ieee-delorean/Raspberry_pi/ROS_Raspberry/catkin_ws/build/CMakeFiles/CMakeTmp

Run Build Command:"/usr/bin/make" "cmTC_bd70b/fast"
/usr/bin/make -f CMakeFiles/cmTC_bd70b.dir/build.make CMakeFiles/cmTC_bd70b.dir/build
make[1]: se entra en el directorio '/home/delorean/Escritorio/GitHub/2015-ieee-delorean/Raspberry_pi/ROS_Raspberry/catkin_ws/build/CMakeFiles/CMakeTmp'
Building C object CMakeFiles/cmTC_bd70b.dir/CheckSymbolExists.c.o
/usr/bin/cc     -o CMakeFiles/cmTC_bd70b.dir/CheckSymbolExists.c.o   -c /home/delorean/Escritorio/GitHub/2015-ieee-delorean/Raspberry_pi/ROS_Raspberry/catkin_ws/build/CMakeFiles/CMakeTmp/CheckSymbolExists.c
Linking C executable cmTC_bd70b
/usr/bin/cmake -E cmake_link_script CMakeFiles/cmTC_bd70b.dir/link.txt --verbose=1
/usr/bin/cc       CMakeFiles/cmTC_bd70b.dir/CheckSymbolExists.c.o  -o cmTC_bd70b -rdynamic 
CMakeFiles/cmTC_bd70b.dir/CheckSymbolExists.c.o: En la función `main':
CheckSymbolExists.c:(.text+0x16): referencia a `pthread_create' sin definir
collect2: error: ld returned 1 exit status
CMakeFiles/cmTC_bd70b.dir/build.make:97: fallo en las instrucciones para el objetivo 'cmTC_bd70b'
make[1]: *** [cmTC_bd70b] Error 1
make[1]: se sale del directorio '/home/delorean/Escritorio/GitHub/2015-ieee-delorean/Raspberry_pi/ROS_Raspberry/catkin_ws/build/CMakeFiles/CMakeTmp'
Makefile:126: fallo en las instrucciones para el objetivo 'cmTC_bd70b/fast'
make: *** [cmTC_bd70b/fast] Error 2

File /home/delorean/Escritorio/GitHub/2015-ieee-delorean/Raspberry_pi/ROS_Raspberry/catkin_ws/build/CMakeFiles/CMakeTmp/CheckSymbolExists.c:
/* */
#include <pthread.h>

int main(int argc, char** argv)
{
  (void)argv;
#ifndef pthread_create
  return ((int*)(&pthread_create))[argc];
#else
  (void)argc;
  return 0;
#endif
}

Determining if the function pthread_create exists in the pthreads failed with the following output:
Change Dir: /home/delorean/Escritorio/GitHub/2015-ieee-delorean/Raspberry_pi/ROS_Raspberry/catkin_ws/build/CMakeFiles/CMakeTmp

Run Build Command:"/usr/bin/make" "cmTC_2f25d/fast"
/usr/bin/make -f CMakeFiles/cmTC_2f25d.dir/build.make CMakeFiles/cmTC_2f25d.dir/build
make[1]: se entra en el directorio '/home/delorean/Escritorio/GitHub/2015-ieee-delorean/Raspberry_pi/ROS_Raspberry/catkin_ws/build/CMakeFiles/CMakeTmp'
Building C object CMakeFiles/cmTC_2f25d.dir/CheckFunctionExists.c.o
/usr/bin/cc    -DCHECK_FUNCTION_EXISTS=pthread_create   -o CMakeFiles/cmTC_2f25d.dir/CheckFunctionExists.c.o   -c /usr/share/cmake-3.5/Modules/CheckFunctionExists.c
Linking C executable cmTC_2f25d
/usr/bin/cmake -E cmake_link_script CMakeFiles/cmTC_2f25d.dir/link.txt --verbose=1
/usr/bin/cc   -DCHECK_FUNCTION_EXISTS=pthread_create    CMakeFiles/cmTC_2f25d.dir/CheckFunctionExists.c.o  -o cmTC_2f25d -rdynamic -lpthreads 
/usr/bin/ld: no se puede encontrar -lpthreads
collect2: error: ld returned 1 exit status
CMakeFiles/cmTC_2f25d.dir/build.make:97: fallo en las instrucciones para el objetivo 'cmTC_2f25d'
make[1]: *** [cmTC_2f25d] Error 1
make[1]: se sale del directorio '/home/delorean/Escritorio/GitHub/2015-ieee-delorean/Raspberry_pi/ROS_Raspberry/catkin_ws/build/CMakeFiles/CMakeTmp'
Makefile:126: fallo en las instrucciones para el objetivo 'cmTC_2f25d/fast'
make: *** [cmTC_2f25d/fast] Error 2


